{"C:\\Angular\\UnitTesting\\array.js": {"path":"C:\\Angular\\UnitTesting\\array.js","statementMap":{"0":{"start":{"line":1,"column":13},"end":{"line":1,"column":61}},"1":{"start":{"line":2,"column":18},"end":{"line":2,"column":49}},"2":{"start":{"line":4,"column":24},"end":{"line":4,"column":34}},"3":{"start":{"line":4,"column":30},"end":{"line":4,"column":34}}},"fnMap":{"0":{"name":"(anonymous_0)","decl":{"start":{"line":4,"column":24},"end":{"line":4,"column":25}},"loc":{"start":{"line":4,"column":30},"end":{"line":4,"column":34}},"line":4}},"branchMap":{},"s":{"0":1,"1":1,"2":1,"3":2},"f":{"0":2},"b":{},"_coverageSchema":"332fd63041d2c1bcb487cc26dd0d5f7d97098a6c","hash":"a07e7e676f718ec881068ebe33c4f98e2ba0ce26"}
,"C:\\Angular\\UnitTesting\\defaultval.js": {"path":"C:\\Angular\\UnitTesting\\defaultval.js","statementMap":{"0":{"start":{"line":1,"column":22},"end":{"line":1,"column":32}},"1":{"start":{"line":1,"column":28},"end":{"line":1,"column":32}},"2":{"start":{"line":2,"column":22},"end":{"line":2,"column":31}},"3":{"start":{"line":2,"column":27},"end":{"line":2,"column":31}},"4":{"start":{"line":3,"column":23},"end":{"line":3,"column":34}},"5":{"start":{"line":3,"column":29},"end":{"line":3,"column":34}},"6":{"start":{"line":4,"column":28},"end":{"line":4,"column":42}},"7":{"start":{"line":4,"column":33},"end":{"line":4,"column":42}}},"fnMap":{"0":{"name":"(anonymous_0)","decl":{"start":{"line":1,"column":22},"end":{"line":1,"column":23}},"loc":{"start":{"line":1,"column":28},"end":{"line":1,"column":32}},"line":1},"1":{"name":"(anonymous_1)","decl":{"start":{"line":2,"column":22},"end":{"line":2,"column":23}},"loc":{"start":{"line":2,"column":27},"end":{"line":2,"column":31}},"line":2},"2":{"name":"(anonymous_2)","decl":{"start":{"line":3,"column":23},"end":{"line":3,"column":24}},"loc":{"start":{"line":3,"column":29},"end":{"line":3,"column":34}},"line":3},"3":{"name":"(anonymous_3)","decl":{"start":{"line":4,"column":28},"end":{"line":4,"column":29}},"loc":{"start":{"line":4,"column":33},"end":{"line":4,"column":42}},"line":4}},"branchMap":{},"s":{"0":1,"1":1,"2":1,"3":1,"4":1,"5":1,"6":1,"7":1},"f":{"0":1,"1":1,"2":1,"3":1},"b":{},"_coverageSchema":"332fd63041d2c1bcb487cc26dd0d5f7d97098a6c","hash":"8c5deeafcbaea21986ee98789507b37db5791a3b"}
,"C:\\Angular\\UnitTesting\\math.js": {"path":"C:\\Angular\\UnitTesting\\math.js","statementMap":{"0":{"start":{"line":1,"column":21},"end":{"line":3,"column":1}},"1":{"start":{"line":2,"column":4},"end":{"line":2,"column":18}},"2":{"start":{"line":5,"column":22},"end":{"line":7,"column":1}},"3":{"start":{"line":6,"column":4},"end":{"line":6,"column":17}},"4":{"start":{"line":9,"column":27},"end":{"line":11,"column":1}},"5":{"start":{"line":10,"column":4},"end":{"line":10,"column":17}}},"fnMap":{"0":{"name":"(anonymous_0)","decl":{"start":{"line":1,"column":21},"end":{"line":1,"column":22}},"loc":{"start":{"line":1,"column":29},"end":{"line":3,"column":1}},"line":1},"1":{"name":"(anonymous_1)","decl":{"start":{"line":5,"column":22},"end":{"line":5,"column":23}},"loc":{"start":{"line":5,"column":30},"end":{"line":7,"column":1}},"line":5},"2":{"name":"(anonymous_2)","decl":{"start":{"line":9,"column":27},"end":{"line":9,"column":28}},"loc":{"start":{"line":9,"column":35},"end":{"line":11,"column":1}},"line":9}},"branchMap":{},"s":{"0":1,"1":1,"2":1,"3":0,"4":1,"5":1},"f":{"0":1,"1":0,"2":1},"b":{},"_coverageSchema":"332fd63041d2c1bcb487cc26dd0d5f7d97098a6c","hash":"ca6d60e2457505fe8733cd99734508a22ce2c310"}
,"C:\\Angular\\UnitTesting\\num.js": {"path":"C:\\Angular\\UnitTesting\\num.js","statementMap":{"0":{"start":{"line":1,"column":19},"end":{"line":1,"column":34}},"1":{"start":{"line":1,"column":30},"end":{"line":1,"column":34}}},"fnMap":{"0":{"name":"(anonymous_0)","decl":{"start":{"line":1,"column":19},"end":{"line":1,"column":20}},"loc":{"start":{"line":1,"column":30},"end":{"line":1,"column":34}},"line":1}},"branchMap":{},"s":{"0":1,"1":4},"f":{"0":4},"b":{},"_coverageSchema":"332fd63041d2c1bcb487cc26dd0d5f7d97098a6c","hash":"890aff817253d4864dcaf95fa90ee5357bc00db9"}
}
